c:\users\steve\source\repos\comp345\power grid game\debug\vc141.pdb
c:\users\steve\source\repos\comp345\power grid game\debug\vc141.idb
c:\users\steve\source\repos\comp345\power grid game\debug\test.obj
c:\users\steve\source\repos\comp345\power grid game\debug\resource.obj
c:\users\steve\source\repos\comp345\power grid game\debug\player.obj
c:\users\steve\source\repos\comp345\power grid game\debug\main.obj
c:\users\steve\source\repos\comp345\power grid game\debug\house.obj
c:\users\steve\source\repos\comp345\power grid game\debug\graph.obj
c:\users\steve\source\repos\comp345\power grid game\debug\city.obj
c:\users\steve\source\repos\comp345\power grid game\debug\adjlistnode.obj
c:\users\steve\source\repos\comp345\power grid game\debug\adjlist.obj
c:\users\steve\source\repos\comp345\power grid game\debug\oil.obj
c:\users\steve\source\repos\comp345\power grid game\debug\uranium.obj
c:\users\steve\source\repos\comp345\power grid game\debug\garbage.obj
c:\users\steve\source\repos\comp345\power grid game\debug\coal.obj
c:\users\steve\source\repos\comp345\power grid game\debug\elektro.obj
c:\users\steve\source\repos\comp345\power grid game\debug\yellowhouse.obj
c:\users\steve\source\repos\comp345\power grid game\debug\test2.obj
c:\users\steve\source\repos\comp345\power grid game\debug\redhouse.obj
c:\users\steve\source\repos\comp345\power grid game\debug\purplehouse.obj
c:\users\steve\source\repos\comp345\power grid game\debug\greenhouse.obj
c:\users\steve\source\repos\comp345\power grid game\debug\bluehouse.obj
c:\users\steve\source\repos\comp345\power grid game\debug\blackhouse.obj
c:\users\steve\source\repos\comp345\power grid game\debug\maploader.obj
c:\users\steve\source\repos\comp345\debug\power grid game.pdb
c:\users\steve\source\repos\comp345\debug\power grid game.exe
c:\users\steve\source\repos\comp345\debug\power grid game.ilk
c:\users\steve\source\repos\comp345\power grid game\debug\power grid game.tlog\cl.command.1.tlog
c:\users\steve\source\repos\comp345\power grid game\debug\power grid game.tlog\cl.read.1.tlog
c:\users\steve\source\repos\comp345\power grid game\debug\power grid game.tlog\cl.write.1.tlog
c:\users\steve\source\repos\comp345\power grid game\debug\power grid game.tlog\link.command.1.tlog
c:\users\steve\source\repos\comp345\power grid game\debug\power grid game.tlog\link.read.1.tlog
c:\users\steve\source\repos\comp345\power grid game\debug\power grid game.tlog\link.write.1.tlog
